#
# There is insufficient memory for the Java Runtime Environment to continue.
# Native memory allocation (malloc) failed to allocate 1048576 bytes for AllocateHeap
# Possible reasons:
#   The system is out of physical RAM or swap space
#   The process is running with CompressedOops enabled, and the Java Heap may be blocking the growth of the native heap
# Possible solutions:
#   Reduce memory load on the system
#   Increase physical memory or swap space
#   Check if swap backing store is full
#   Decrease Java heap size (-Xmx/-Xms)
#   Decrease number of Java threads
#   Decrease Java thread stack sizes (-Xss)
#   Set larger code cache with -XX:ReservedCodeCacheSize=
#   JVM is running with Unscaled Compressed Oops mode in which the Java heap is
#     placed in the first 4GB address space. The Java Heap base address is the
#     maximum limit for the native heap growth. Please use -XX:HeapBaseMinAddress
#     to set the Java Heap base and to place the Java Heap above 4GB virtual address.
# This output file may be truncated or incomplete.
#
#  Out of Memory Error (allocation.cpp:44), pid=30088, tid=30112
#
# JRE version:  (18.0.1.1+2) (build )
# Java VM: Java HotSpot(TM) 64-Bit Server VM (18.0.1.1+2-6, mixed mode, sharing, tiered, compressed oops, compressed class ptrs, g1 gc, windows-amd64)
# No core dump will be written. Minidumps are not enabled by default on client versions of Windows
#

---------------  S U M M A R Y ------------

Command Line: -Dfile.encoding=UTF-8 --module-path=C:\Users\MOHD RASHID\OneDrive\Documents\NetBeansProjects\ElectricityBillingSystem\build\classes electricitybillingsystem.Signup

Host: AMD Ryzen 5 3450U with Radeon Vega Mobile Gfx  , 8 cores, 5G,  Windows 10 , 64 bit Build 19041 (10.0.19041.804)
Time: Sun Oct 23 17:07:10 2022 India Standard Time elapsed time: 0.037070 seconds (0d 0h 0m 0s)

---------------  T H R E A D  ---------------

Current thread (0x000002cef4ce4a50):  JavaThread "Unknown thread" [_thread_in_vm, id=30112, stack(0x000000d7a9500000,0x000000d7a9600000)]

Stack: [0x000000d7a9500000,0x000000d7a9600000]
Native frames: (J=compiled Java code, j=interpreted, Vv=VM code, C=native code)
V  [jvm.dll+0x69887a]
V  [jvm.dll+0x7f38bd]
V  [jvm.dll+0x7f51ce]
V  [jvm.dll+0x7f5883]
V  [jvm.dll+0x25ca3f]
V  [jvm.dll+0xb31af]
V  [jvm.dll+0x3025b9]
V  [jvm.dll+0x2facb3]
V  [jvm.dll+0x7c24f0]
V  [jvm.dll+0x38b801]
V  [jvm.dll+0x7a1203]
V  [jvm.dll+0x40d6bf]
V  [jvm.dll+0x40f091]
C  [jli.dll+0x526b]
C  [ucrtbase.dll+0x21bb2]
C  [KERNEL32.DLL+0x17034]
C  [ntdll.dll+0x52651]


---------------  P R O C E S S  ---------------

Threads class SMR info:
_java_thread_list=0x00007ffad3e0d550, length=0, elements={
}

Java Threads: ( => current thread )

Other Threads:
  0x000002cef4d35c00 WorkerThread "GC Thread#0" [stack: 0x000000d7a9600000,0x000000d7a9700000] [id=30660]

[error occurred during error reporting (printing all threads), id 0xc0000005, EXCEPTION_ACCESS_VIOLATION (0xc0000005) at pc=0x00007ffad36377e0]

VM state: not at safepoint (not fully initialized)

VM Mutex/Monitor currently owned by a thread:  ([mutex/lock_event])
[0x000002cef4ce1470] Heap_lock - owner thread: 0x000002cef4ce4a50

Heap address: 0x00000000a1c00000, size: 1508 MB, Compressed Oops mode: 32-bit

CDS archive(s) mapped at: [0x0000000000000000-0x0000000000000000-0x0000000000000000), size 0, SharedBaseAddress: 0x0000000800000000, ArchiveRelocationMode: 0.
Narrow klass base: 0x0000000000000000, Narrow klass shift: 0, Narrow klass range: 0x0

GC Precious Log:
 CardTable entry size: 512
 Card Set container configuration: InlinePtr #cards 5 size 8 Array Of Cards #cards 12 size 40 Howl #buckets 4 coarsen threshold 1843 Howl Bitmap #cards 512 size 80 coarsen threshold 460 Card regions per heap region 1 cards per card region 2048

Heap:
 garbage-first heap   total 0K, used 0K [0x00000000a1c00000, 0x0000000100000000)
  region size 1024K, 0 young (0K), 0 survivors (0K)

[error occurred during error reporting (printing heap information), id 0xc0000005, EXCEPTION_ACCESS_VIOLATION (0xc0000005) at pc=0x00007ffad3a20cb9]

GC Heap History (0 events):
No events

Deoptimization events (0 events):
No events

Classes loaded (0 events):
No events

Classes unloaded (0 events):
No events

Classes redefined (0 events):
No events

Internal exceptions (0 events):
No events

VM Operations (0 events):
No events

Events (1 events):
Event: 0.023 Loaded shared library C:\Program Files\Java\jdk-18.0.1.1\bin\java.dll


Dynamic libraries:
0x00007ff618230000 - 0x00007ff618240000 	C:\Program Files\Java\jdk-18.0.1.1\bin\java.exe
0x00007ffb7bc90000 - 0x00007ffb7be85000 	C:\Windows\SYSTEM32\ntdll.dll
0x00007ffb3eb20000 - 0x00007ffb3eb37000 	C:\Program Files\Avast Software\Avast\aswhook.dll
0x00007ffb7b890000 - 0x00007ffb7b94d000 	C:\Windows\System32\KERNEL32.DLL
0x00007ffb794e0000 - 0x00007ffb797a9000 	C:\Windows\System32\KERNELBASE.dll
0x00007ffb797e0000 - 0x00007ffb798e0000 	C:\Windows\System32\ucrtbase.dll
0x00007ffb66e90000 - 0x00007ffb66ea8000 	C:\Program Files\Java\jdk-18.0.1.1\bin\jli.dll
0x00007ffb66e50000 - 0x00007ffb66e6a000 	C:\Program Files\Java\jdk-18.0.1.1\bin\VCRUNTIME140.dll
0x00007ffb7b640000 - 0x00007ffb7b6ec000 	C:\Windows\System32\ADVAPI32.dll
0x00007ffb79cf0000 - 0x00007ffb79d8e000 	C:\Windows\System32\msvcrt.dll
0x00007ffb7b9e0000 - 0x00007ffb7ba7c000 	C:\Windows\System32\sechost.dll
0x00007ffb7a350000 - 0x00007ffb7a47b000 	C:\Windows\System32\RPCRT4.dll
0x00007ffb7aad0000 - 0x00007ffb7ac70000 	C:\Windows\System32\USER32.dll
0x00007ffb79a40000 - 0x00007ffb79a62000 	C:\Windows\System32\win32u.dll
0x00007ffb59450000 - 0x00007ffb596ea000 	C:\Windows\WinSxS\amd64_microsoft.windows.common-controls_6595b64144ccf1df_6.0.19041.844_none_ca00b6081b84eb1d\COMCTL32.dll
0x00007ffb7a550000 - 0x00007ffb7a57a000 	C:\Windows\System32\GDI32.dll
0x00007ffb79ac0000 - 0x00007ffb79bcb000 	C:\Windows\System32\gdi32full.dll
0x00007ffb79bd0000 - 0x00007ffb79c6d000 	C:\Windows\System32\msvcp_win.dll
0x00007ffb70590000 - 0x00007ffb7059a000 	C:\Windows\SYSTEM32\VERSION.dll
0x00007ffb7b6f0000 - 0x00007ffb7b720000 	C:\Windows\System32\IMM32.DLL
0x00007ffb76c40000 - 0x00007ffb76c4c000 	C:\Program Files\Java\jdk-18.0.1.1\bin\vcruntime140_1.dll
0x00007ffb37530000 - 0x00007ffb375bd000 	C:\Program Files\Java\jdk-18.0.1.1\bin\msvcp140.dll
0x00007ffad3330000 - 0x00007ffad3f40000 	C:\Program Files\Java\jdk-18.0.1.1\bin\server\jvm.dll
0x00007ffb7adb0000 - 0x00007ffb7adb8000 	C:\Windows\System32\PSAPI.DLL
0x00007ffb6d9e0000 - 0x00007ffb6da07000 	C:\Windows\SYSTEM32\WINMM.dll
0x00007ffb5cd80000 - 0x00007ffb5cd89000 	C:\Windows\SYSTEM32\WSOCK32.dll
0x00007ffb7b510000 - 0x00007ffb7b57b000 	C:\Windows\System32\WS2_32.dll
0x00007ffb77330000 - 0x00007ffb77342000 	C:\Windows\SYSTEM32\kernel.appcore.dll
0x00007ffb6ade0000 - 0x00007ffb6adea000 	C:\Program Files\Java\jdk-18.0.1.1\bin\jimage.dll
0x00007ffb71130000 - 0x00007ffb71314000 	C:\Windows\SYSTEM32\DBGHELP.DLL
0x00007ffb6dcd0000 - 0x00007ffb6dcfc000 	C:\Windows\SYSTEM32\dbgcore.DLL
0x00007ffb79c70000 - 0x00007ffb79cf0000 	C:\Windows\System32\bcryptPrimitives.dll
0x00007ffb66ce0000 - 0x00007ffb66d05000 	C:\Program Files\Java\jdk-18.0.1.1\bin\java.dll

dbghelp: loaded successfully - version: 4.0.5 - missing functions: none
symbol engine: initialized successfully - sym options: 0x614 - pdb path: .;C:\Program Files\Java\jdk-18.0.1.1\bin;C:\Windows\SYSTEM32;C:\Program Files\Avast Software\Avast;C:\Windows\WinSxS\amd64_microsoft.windows.common-controls_6595b64144ccf1df_6.0.19041.844_none_ca00b6081b84eb1d;C:\Program Files\Java\jdk-18.0.1.1\bin\server

VM Arguments:
jvm_args: -Dfile.encoding=UTF-8 --module-path=C:\Users\MOHD RASHID\OneDrive\Documents\NetBeansProjects\ElectricityBillingSystem\build\classes 
java_command: electricitybillingsystem.Signup
java_class_path (initial): C:\Users\MOHD RASHID\Downloads;C:\Users\MOHD RASHID\OneDrive\mysql-connector-java-8.0.28.jar;C:\Users\MOHD RASHID\OneDrive\rs2xml (1).jar;C:\Users\MOHD RASHID\OneDrive\Documents\NetBeansProjects\ElectricityBillingSystem\build\classes
Launcher Type: SUN_STANDARD

[Global flags]
     intx CICompilerCount                          = 4                                         {product} {ergonomic}
     uint ConcGCThreads                            = 2                                         {product} {ergonomic}
     uint G1ConcRefinementThreads                  = 8                                         {product} {ergonomic}
   size_t G1HeapRegionSize                         = 1048576                                   {product} {ergonomic}
    uintx GCDrainStackTargetSize                   = 64                                        {product} {ergonomic}
   size_t InitialHeapSize                          = 100663296                                 {product} {ergonomic}
   size_t MarkStackSize                            = 4194304                                   {product} {ergonomic}
   size_t MaxHeapSize                              = 1581252608                                {product} {ergonomic}
   size_t MinHeapDeltaBytes                        = 1048576                                   {product} {ergonomic}
   size_t MinHeapSize                              = 8388608                                   {product} {ergonomic}
    uintx NonNMethodCodeHeapSize                   = 5839372                                {pd product} {ergonomic}
    uintx NonProfiledCodeHeapSize                  = 122909434                              {pd product} {ergonomic}
    uintx ProfiledCodeHeapSize                     = 122909434                              {pd product} {ergonomic}
    uintx ReservedCodeCacheSize                    = 251658240                              {pd product} {ergonomic}
     bool SegmentedCodeCache                       = true                                      {product} {ergonomic}
   size_t SoftMaxHeapSize                          = 1581252608                             {manageable} {ergonomic}
     bool UseCompressedClassPointers               = true                           {product lp64_product} {ergonomic}
     bool UseCompressedOops                        = true                           {product lp64_product} {ergonomic}
     bool UseG1GC                                  = true                                      {product} {ergonomic}
     bool UseLargePagesIndividualAllocation        = false                                  {pd product} {ergonomic}

Logging:
Log output configuration:
 #0: stdout all=warning uptime,level,tags foldmultilines=false
 #1: stderr all=off uptime,level,tags foldmultilines=false

Environment Variables:
PATH=C:\Program Files\Common Files\Oracle\Java\javapath;C:\Windows\system32;C:\Windows;C:\Windows\System32\Wbem;C:\Windows\System32\WindowsPowerShell\v1.0\;C:\Windows\System32\OpenSSH\;C:\Program Files\dotnet\;C:\Program Files\MySQL\MySQL Shell 8.0\bin\;C:\Users\MOHD RASHID\AppData\Local\Microsoft\WindowsApps;;C:\Users\MOHD RASHID\AppData\Local\Programs\Microsoft VS Code\bin;C:\Program Files\JetBrains\IntelliJ IDEA Community Edition 2022.1.3\bin;
USERNAME=MOHD RASHID
OS=Windows_NT
PROCESSOR_IDENTIFIER=AMD64 Family 23 Model 24 Stepping 1, AuthenticAMD



---------------  S Y S T E M  ---------------

OS:
 Windows 10 , 64 bit Build 19041 (10.0.19041.804)
OS uptime: 5 days 4:20 hours

CPU: total 8 (initial active 8) (8 cores per cpu, 2 threads per core) family 23 model 24 stepping 1 microcode 0x0, cx8, cmov, fxsr, ht, mmx, 3dnowpref, sse, sse2, sse3, ssse3, sse4a, sse4.1, sse4.2, popcnt, lzcnt, tsc, tscinvbit, avx, avx2, aes, clmul, bmi1, bmi2, adx, sha, fma, vzeroupper, clflush, clflushopt

Memory: 4k page, system-wide physical 6030M (480M free)
TotalPageFile size 24462M (AvailPageFile size 4M)
current process WorkingSet (physical memory assigned to process): 10M, peak: 10M
current process commit charge ("private bytes"): 52M, peak: 53M

vm_info: Java HotSpot(TM) 64-Bit Server VM (18.0.1.1+2-6) for windows-amd64 JRE (18.0.1.1+2-6), built on Apr 25 2022 21:53:15 by "mach5one" with MS VC++ 16.8 / 16.9 (VS2019)

END.
